0 info it worked if it ends with ok
1 verbose cli [ '/home/saheel/.nvm/versions/node/v6.14.4/bin/node',
1 verbose cli   '/home/saheel/.nvm/versions/node/v6.14.4/bin/npm',
1 verbose cli   'start' ]
2 info using npm@3.10.10
3 info using node@v6.14.4
4 verbose run-script [ 'prestart', 'start', 'poststart' ]
5 info lifecycle webpack-modern-js-apps@1.0.0~prestart: webpack-modern-js-apps@1.0.0
6 silly lifecycle webpack-modern-js-apps@1.0.0~prestart: no script for prestart, continuing
7 info lifecycle webpack-modern-js-apps@1.0.0~start: webpack-modern-js-apps@1.0.0
8 verbose lifecycle webpack-modern-js-apps@1.0.0~start: unsafe-perm in lifecycle true
9 verbose lifecycle webpack-modern-js-apps@1.0.0~start: PATH: /home/saheel/.nvm/versions/node/v6.14.4/lib/node_modules/npm/bin/node-gyp-bin:/home/saheel/tuts/webpack-modern-js-apps/node_modules/.bin:/home/saheel/.yarn/bin:/home/saheel/.config/yarn/global/node_modules/.bin:/home/saheel/.yarn/bin:/home/saheel/.config/yarn/global/node_modules/.bin:/home/saheel/.nvm/versions/node/v6.14.4/bin:/tmp/.mount_hyper-Qg7F5S/app:/tmp/.mount_hyper-Qg7F5S/usr/sbin:/usr/local/sbin:/usr/local/bin:/usr/sbin:/usr/bin:/sbin:/bin:/usr/games:/usr/local/games:/snap/bin
10 verbose lifecycle webpack-modern-js-apps@1.0.0~start: CWD: /home/saheel/tuts/webpack-modern-js-apps
11 silly lifecycle webpack-modern-js-apps@1.0.0~start: Args: [ '-c',
11 silly lifecycle   'webpack-dev-server --history-api-fallback --inline --progress' ]
12 info lifecycle webpack-modern-js-apps@1.0.0~start: Failed to exec start script
13 verbose stack Error: webpack-modern-js-apps@1.0.0 start: `webpack-dev-server --history-api-fallback --inline --progress`
13 verbose stack spawn ENOENT
13 verbose stack     at ChildProcess.<anonymous> (/home/saheel/.nvm/versions/node/v6.14.4/lib/node_modules/npm/lib/utils/spawn.js:33:16)
13 verbose stack     at emitTwo (events.js:106:13)
13 verbose stack     at ChildProcess.emit (events.js:191:7)
13 verbose stack     at maybeClose (internal/child_process.js:920:16)
13 verbose stack     at Process.ChildProcess._handle.onexit (internal/child_process.js:230:5)
14 verbose pkgid webpack-modern-js-apps@1.0.0
15 verbose cwd /home/saheel/tuts/webpack-modern-js-apps
16 error Linux 4.15.0-47-generic
17 error argv "/home/saheel/.nvm/versions/node/v6.14.4/bin/node" "/home/saheel/.nvm/versions/node/v6.14.4/bin/npm" "start"
18 error node v6.14.4
19 error npm  v3.10.10
20 error file sh
21 error code ELIFECYCLE
22 error errno ENOENT
23 error syscall spawn
24 error webpack-modern-js-apps@1.0.0 start: `webpack-dev-server --history-api-fallback --inline --progress`
24 error spawn ENOENT
25 error Failed at the webpack-modern-js-apps@1.0.0 start script 'webpack-dev-server --history-api-fallback --inline --progress'.
25 error Make sure you have the latest version of node.js and npm installed.
25 error If you do, this is most likely a problem with the webpack-modern-js-apps package,
25 error not with npm itself.
25 error Tell the author that this fails on your system:
25 error     webpack-dev-server --history-api-fallback --inline --progress
25 error You can get information on how to open an issue for this project with:
25 error     npm bugs webpack-modern-js-apps
25 error Or if that isn't available, you can get their info via:
25 error     npm owner ls webpack-modern-js-apps
25 error There is likely additional logging output above.
26 verbose exit [ 1, true ]
